2026-02-09 18:27:46,573 - INFO - 生成任务组1: 15个任务
2026-02-09 18:27:46,573 - INFO - 生成任务组2: 10个任务
2026-02-09 18:27:46,573 - INFO - 生成任务组3: 9个任务
2026-02-09 18:27:46,747 - INFO - 任务 0 依赖满足，进入就绪状态
2026-02-09 18:27:46,747 - INFO - 任务 15 依赖满足，进入就绪状态
2026-02-09 18:27:46,747 - INFO - 任务 25 依赖满足，进入就绪状态
2026-02-09 18:27:46,932 - INFO - 服务器 0 开始执行任务 0 (预计完成: 0.3s)
2026-02-09 18:27:46,932 - INFO - 服务器 1 开始执行任务 14 (预计完成: 0.8s)
2026-02-09 18:27:46,932 - INFO - 服务器 2 开始执行任务 6 (预计完成: 0.3s)
2026-02-09 18:27:46,932 - INFO - 服务器 3 开始执行任务 12 (预计完成: 0.9s)
2026-02-09 18:27:47,159 - INFO - 任务 0 完成于服务器 0 (耗时: 0.3s)
2026-02-09 18:27:47,159 - INFO - 任务 6 完成于服务器 2 (耗时: 0.3s)
2026-02-09 18:27:47,159 - INFO - 任务 12 完成于服务器 3 (耗时: 0.9s)
2026-02-09 18:27:47,159 - INFO - 任务 14 完成于服务器 1 (耗时: 0.8s)
2026-02-09 18:27:47,159 - INFO - 任务 1 依赖满足，进入就绪状态
2026-02-09 18:27:47,159 - INFO - 任务 2 依赖满足，进入就绪状态
2026-02-09 18:27:47,159 - INFO - 任务 3 依赖满足，进入就绪状态
2026-02-09 18:27:47,333 - INFO - 服务器 0 开始执行任务 7 (预计完成: 1.1s)
2026-02-09 18:27:47,333 - INFO - 服务器 1 开始执行任务 16 (预计完成: 1.9s)
2026-02-09 18:27:47,333 - INFO - 服务器 2 开始执行任务 4 (预计完成: 1.4s)
2026-02-09 18:27:47,333 - INFO - 服务器 3 开始执行任务 4 (预计完成: 1.8s)
2026-02-09 18:27:47,559 - INFO - 任务 4 完成于服务器 3 (耗时: 0.8s)
2026-02-09 18:27:47,559 - INFO - 任务 7 完成于服务器 0 (耗时: 0.1s)
2026-02-09 18:27:47,559 - INFO - 任务 16 完成于服务器 1 (耗时: 0.9s)
2026-02-09 18:27:47,559 - INFO - 任务 10 依赖满足，进入就绪状态
2026-02-09 18:27:47,559 - INFO - 任务 17 依赖满足，进入就绪状态
2026-02-09 18:27:47,750 - INFO - 服务器 0 开始执行任务 19 (预计完成: 2.2s)
2026-02-09 18:27:47,750 - INFO - 服务器 1 开始执行任务 32 (预计完成: 3.0s)
2026-02-09 18:27:47,750 - INFO - 服务器 2 开始执行任务 13 (预计完成: 2.4s)
2026-02-09 18:27:47,750 - INFO - 服务器 3 开始执行任务 13 (预计完成: 2.7s)
2026-02-09 18:27:47,959 - INFO - 任务 13 完成于服务器 3 (耗时: 0.7s)
2026-02-09 18:27:47,959 - INFO - 任务 19 完成于服务器 0 (耗时: 0.2s)
2026-02-09 18:27:47,959 - INFO - 任务 32 完成于服务器 1 (耗时: 1.0s)
2026-02-09 18:27:47,959 - INFO - 任务 20 依赖满足，进入就绪状态
2026-02-09 18:27:48,157 - INFO - 服务器 0 开始执行任务 1 (预计完成: 3.4s)
2026-02-09 18:27:48,158 - INFO - 服务器 1 开始执行任务 2 (预计完成: 3.9s)
2026-02-09 18:27:48,158 - INFO - 服务器 3 开始执行任务 11 (预计完成: 3.6s)
2026-02-09 18:27:48,359 - INFO - 任务 1 完成于服务器 0 (耗时: 0.4s)
2026-02-09 18:27:48,359 - INFO - 任务 2 完成于服务器 1 (耗时: 0.9s)
2026-02-09 18:27:48,359 - INFO - 任务 11 完成于服务器 3 (耗时: 0.6s)
2026-02-09 18:27:48,359 - INFO - 任务 5 依赖满足，进入就绪状态
2026-02-09 18:27:48,553 - INFO - 服务器 0 开始执行任务 23 (预计完成: 4.1s)
2026-02-09 18:27:48,553 - INFO - 服务器 1 开始执行任务 15 (预计完成: 4.6s)
2026-02-09 18:27:48,553 - INFO - 服务器 3 开始执行任务 25 (预计完成: 4.7s)
2026-02-09 18:27:48,759 - INFO - 任务 15 完成于服务器 1 (耗时: 0.6s)
2026-02-09 18:27:48,759 - INFO - 任务 23 完成于服务器 0 (耗时: 0.1s)
2026-02-09 18:27:48,759 - INFO - 任务 25 完成于服务器 3 (耗时: 0.7s)
2026-02-09 18:27:48,759 - INFO - 任务 24 依赖满足，进入就绪状态
2026-02-09 18:27:48,759 - INFO - 任务 26 依赖满足，进入就绪状态
2026-02-09 18:27:48,759 - INFO - 任务 27 依赖满足，进入就绪状态
2026-02-09 18:27:48,759 - INFO - 任务 28 依赖满足，进入就绪状态
2026-02-09 18:27:48,957 - INFO - 服务器 0 开始执行任务 31 (预计完成: 5.4s)
2026-02-09 18:27:48,958 - INFO - 服务器 1 开始执行任务 22 (预计完成: 5.6s)
2026-02-09 18:27:48,958 - INFO - 服务器 3 开始执行任务 22 (预计完成: 5.9s)
2026-02-09 18:27:49,159 - INFO - 任务 22 完成于服务器 3 (耗时: 0.9s)
2026-02-09 18:27:49,159 - INFO - 任务 31 完成于服务器 0 (耗时: 0.4s)
2026-02-09 18:27:49,159 - INFO - 任务 33 依赖满足，进入就绪状态
2026-02-09 18:27:49,357 - INFO - 服务器 0 开始执行任务 20 (预计完成: 6.3s)
2026-02-09 18:27:49,357 - INFO - 服务器 3 开始执行任务 30 (预计完成: 6.6s)
2026-02-09 18:27:49,559 - INFO - 任务 20 完成于服务器 0 (耗时: 0.3s)
2026-02-09 18:27:49,559 - INFO - 任务 30 完成于服务器 3 (耗时: 0.6s)
2026-02-09 18:27:49,559 - INFO - 任务 21 依赖满足，进入就绪状态
2026-02-09 18:27:49,755 - INFO - 服务器 0 开始执行任务 10 (预计完成: 7.4s)
2026-02-09 18:27:49,755 - INFO - 服务器 3 开始执行任务 27 (预计完成: 8.0s)
2026-02-09 18:27:49,959 - INFO - 任务 10 完成于服务器 0 (耗时: 0.4s)
2026-02-09 18:27:49,959 - INFO - 任务 27 完成于服务器 3 (耗时: 1.0s)
2026-02-09 18:27:50,152 - INFO - 服务器 0 开始执行任务 9 (预计完成: 8.3s)
2026-02-09 18:27:50,152 - INFO - 服务器 3 开始执行任务 28 (预计完成: 8.6s)
2026-02-09 18:27:50,359 - INFO - 任务 9 完成于服务器 0 (耗时: 0.3s)
2026-02-09 18:27:50,359 - INFO - 任务 28 完成于服务器 3 (耗时: 0.6s)
2026-02-09 18:27:50,549 - INFO - 服务器 0 开始执行任务 33 (预计完成: 9.3s)
2026-02-09 18:27:50,759 - INFO - 任务 33 完成于服务器 0 (耗时: 0.3s)
2026-02-09 18:27:50,953 - INFO - 服务器 0 开始执行任务 8 (预计完成: 10.2s)
2026-02-09 18:27:51,159 - INFO - 任务 8 完成于服务器 0 (耗时: 0.2s)
2026-02-09 18:27:51,350 - INFO - 服务器 0 开始执行任务 26 (预计完成: 11.4s)
2026-02-09 18:27:51,559 - INFO - 任务 26 完成于服务器 0 (耗时: 0.4s)
2026-02-09 18:27:51,559 - INFO - 任务 29 依赖满足，进入就绪状态
2026-02-09 18:27:51,757 - INFO - 服务器 0 开始执行任务 29 (预计完成: 12.2s)
2026-02-09 18:27:51,959 - INFO - 任务 29 完成于服务器 0 (耗时: 0.2s)
2026-02-09 18:27:52,142 - INFO - 服务器 0 开始执行任务 3 (预计完成: 13.3s)
2026-02-09 18:27:52,358 - INFO - 任务 3 完成于服务器 0 (耗时: 0.3s)
2026-02-09 18:27:52,556 - INFO - 服务器 0 开始执行任务 5 (预计完成: 14.4s)
2026-02-09 18:27:52,758 - INFO - 任务 5 完成于服务器 0 (耗时: 0.4s)
2026-02-09 18:27:52,954 - INFO - 服务器 0 开始执行任务 17 (预计完成: 15.3s)
2026-02-09 18:27:53,159 - INFO - 任务 17 完成于服务器 0 (耗时: 0.3s)
2026-02-09 18:27:53,159 - INFO - 任务 18 依赖满足，进入就绪状态
2026-02-09 18:27:53,353 - INFO - 服务器 0 开始执行任务 18 (预计完成: 16.3s)
2026-02-09 18:27:53,559 - INFO - 任务 18 完成于服务器 0 (耗时: 0.3s)
2026-02-09 18:27:53,754 - INFO - 服务器 0 开始执行任务 21 (预计完成: 17.3s)
2026-02-09 18:27:53,959 - INFO - 任务 21 完成于服务器 0 (耗时: 0.3s)
2026-02-09 18:27:54,154 - INFO - 服务器 0 开始执行任务 24 (预计完成: 18.4s)
2026-02-09 18:27:54,359 - INFO - 任务 24 完成于服务器 0 (耗时: 0.4s)
2026-02-09 18:27:54,408 - INFO - 所有任务完成! 总耗时: 20.0s
