2026-02-09 18:34:19,410 - INFO - 生成任务组1: 15个任务
2026-02-09 18:34:19,411 - INFO - 生成任务组2: 10个任务
2026-02-09 18:34:19,411 - INFO - 生成任务组3: 9个任务
2026-02-09 18:34:20,061 - INFO - 任务 0 依赖满足，进入就绪状态
2026-02-09 18:34:20,061 - INFO - 任务 15 依赖满足，进入就绪状态
2026-02-09 18:34:20,061 - INFO - 任务 25 依赖满足，进入就绪状态
2026-02-09 18:34:20,064 - INFO - 服务器 0 开始执行任务 0 (预计完成: 0.3s)
2026-02-09 18:34:20,064 - INFO - 服务器 3 开始执行任务 25 (预计完成: 0.7s)
2026-02-09 18:34:20,291 - INFO - 任务 0 完成于服务器 0 (耗时: 0.3s)
2026-02-09 18:34:20,291 - INFO - 任务 25 完成于服务器 3 (耗时: 0.7s)
2026-02-09 18:34:20,291 - INFO - 任务 1 依赖满足，进入就绪状态
2026-02-09 18:34:20,291 - INFO - 任务 2 依赖满足，进入就绪状态
2026-02-09 18:34:20,291 - INFO - 任务 3 依赖满足，进入就绪状态
2026-02-09 18:34:20,291 - INFO - 任务 26 依赖满足，进入就绪状态
2026-02-09 18:34:20,291 - INFO - 任务 27 依赖满足，进入就绪状态
2026-02-09 18:34:20,291 - INFO - 任务 28 依赖满足，进入就绪状态
2026-02-09 18:34:20,292 - INFO - 服务器 0 开始执行任务 15 (预计完成: 1.1s)
2026-02-09 18:34:20,292 - INFO - 服务器 1 开始执行任务 1 (预计完成: 1.6s)
2026-02-09 18:34:20,292 - INFO - 服务器 2 开始执行任务 28 (预计完成: 1.5s)
2026-02-09 18:34:20,292 - INFO - 服务器 3 开始执行任务 15 (预计完成: 1.6s)
2026-02-09 18:34:20,491 - INFO - 任务 1 完成于服务器 1 (耗时: 0.6s)
2026-02-09 18:34:20,491 - INFO - 任务 15 完成于服务器 3 (耗时: 0.6s)
2026-02-09 18:34:20,491 - INFO - 任务 28 完成于服务器 2 (耗时: 0.5s)
2026-02-09 18:34:20,491 - INFO - 任务 4 依赖满足，进入就绪状态
2026-02-09 18:34:20,491 - INFO - 任务 5 依赖满足，进入就绪状态
2026-02-09 18:34:20,491 - INFO - 任务 16 依赖满足，进入就绪状态
2026-02-09 18:34:20,492 - INFO - 服务器 0 开始执行任务 2 (预计完成: 2.4s)
2026-02-09 18:34:20,492 - INFO - 服务器 2 开始执行任务 27 (预计完成: 2.6s)
2026-02-09 18:34:20,691 - INFO - 任务 2 完成于服务器 0 (耗时: 0.4s)
2026-02-09 18:34:20,691 - INFO - 任务 27 完成于服务器 2 (耗时: 0.6s)
2026-02-09 18:34:20,691 - INFO - 任务 6 依赖满足，进入就绪状态
2026-02-09 18:34:20,691 - INFO - 任务 7 依赖满足，进入就绪状态
2026-02-09 18:34:20,692 - INFO - 服务器 0 开始执行任务 4 (预计完成: 3.2s)
2026-02-09 18:34:20,692 - INFO - 服务器 1 开始执行任务 5 (预计完成: 3.4s)
2026-02-09 18:34:20,692 - INFO - 服务器 2 开始执行任务 3 (预计完成: 3.5s)
2026-02-09 18:34:20,891 - INFO - 任务 3 完成于服务器 2 (耗时: 0.5s)
2026-02-09 18:34:20,891 - INFO - 任务 4 完成于服务器 0 (耗时: 0.2s)
2026-02-09 18:34:20,891 - INFO - 任务 5 完成于服务器 1 (耗时: 0.4s)
2026-02-09 18:34:20,891 - INFO - 任务 8 依赖满足，进入就绪状态
2026-02-09 18:34:20,891 - INFO - 任务 9 依赖满足，进入就绪状态
2026-02-09 18:34:20,892 - INFO - 服务器 0 开始执行任务 7 (预计完成: 4.2s)
2026-02-09 18:34:20,892 - INFO - 服务器 2 开始执行任务 6 (预计完成: 4.8s)
2026-02-09 18:34:21,090 - INFO - 任务 6 完成于服务器 2 (耗时: 0.8s)
2026-02-09 18:34:21,091 - INFO - 任务 7 完成于服务器 0 (耗时: 0.2s)
2026-02-09 18:34:21,091 - INFO - 任务 10 依赖满足，进入就绪状态
2026-02-09 18:34:21,092 - INFO - 服务器 0 开始执行任务 8 (预计完成: 5.3s)
2026-02-09 18:34:21,092 - INFO - 服务器 2 开始执行任务 9 (预计完成: 5.9s)
2026-02-09 18:34:21,291 - INFO - 任务 8 完成于服务器 0 (耗时: 0.3s)
2026-02-09 18:34:21,291 - INFO - 任务 9 完成于服务器 2 (耗时: 0.9s)
2026-02-09 18:34:21,291 - INFO - 任务 11 依赖满足，进入就绪状态
2026-02-09 18:34:21,291 - INFO - 任务 12 依赖满足，进入就绪状态
2026-02-09 18:34:21,292 - INFO - 服务器 0 开始执行任务 10 (预计完成: 6.3s)
2026-02-09 18:34:21,292 - INFO - 服务器 1 开始执行任务 11 (预计完成: 6.9s)
2026-02-09 18:34:21,292 - INFO - 服务器 2 开始执行任务 16 (预计完成: 6.8s)
2026-02-09 18:34:21,490 - INFO - 任务 10 完成于服务器 0 (耗时: 0.3s)
2026-02-09 18:34:21,490 - INFO - 任务 11 完成于服务器 1 (耗时: 0.9s)
2026-02-09 18:34:21,490 - INFO - 任务 16 完成于服务器 2 (耗时: 0.8s)
2026-02-09 18:34:21,490 - INFO - 任务 13 依赖满足，进入就绪状态
2026-02-09 18:34:21,490 - INFO - 任务 17 依赖满足，进入就绪状态
2026-02-09 18:34:21,491 - INFO - 服务器 0 开始执行任务 13 (预计完成: 7.1s)
2026-02-09 18:34:21,491 - INFO - 服务器 2 开始执行任务 26 (预计完成: 7.9s)
2026-02-09 18:34:21,691 - INFO - 任务 13 完成于服务器 0 (耗时: 0.1s)
2026-02-09 18:34:21,691 - INFO - 任务 26 完成于服务器 2 (耗时: 0.9s)
2026-02-09 18:34:21,691 - INFO - 任务 29 依赖满足，进入就绪状态
2026-02-09 18:34:21,692 - INFO - 服务器 0 开始执行任务 12 (预计完成: 8.3s)
2026-02-09 18:34:21,692 - INFO - 服务器 1 开始执行任务 29 (预计完成: 8.6s)
2026-02-09 18:34:21,692 - INFO - 服务器 2 开始执行任务 12 (预计完成: 8.7s)
2026-02-09 18:34:21,891 - INFO - 任务 12 完成于服务器 2 (耗时: 0.7s)
2026-02-09 18:34:21,891 - INFO - 任务 29 完成于服务器 1 (耗时: 0.6s)
2026-02-09 18:34:21,891 - INFO - 任务 14 依赖满足，进入就绪状态
2026-02-09 18:34:21,891 - INFO - 任务 30 依赖满足，进入就绪状态
2026-02-09 18:34:21,892 - INFO - 服务器 0 开始执行任务 14 (预计完成: 9.3s)
2026-02-09 18:34:21,892 - INFO - 服务器 3 开始执行任务 30 (预计完成: 9.8s)
2026-02-09 18:34:22,091 - INFO - 任务 14 完成于服务器 0 (耗时: 0.3s)
2026-02-09 18:34:22,091 - INFO - 任务 30 完成于服务器 3 (耗时: 0.8s)
2026-02-09 18:34:22,091 - INFO - 任务 31 依赖满足，进入就绪状态
2026-02-09 18:34:22,091 - INFO - 任务 32 依赖满足，进入就绪状态
2026-02-09 18:34:22,092 - INFO - 服务器 0 开始执行任务 17 (预计完成: 10.4s)
2026-02-09 18:34:22,092 - INFO - 服务器 2 开始执行任务 32 (预计完成: 10.4s)
2026-02-09 18:34:22,291 - INFO - 任务 17 完成于服务器 0 (耗时: 0.4s)
2026-02-09 18:34:22,291 - INFO - 任务 32 完成于服务器 2 (耗时: 0.4s)
2026-02-09 18:34:22,291 - INFO - 任务 18 依赖满足，进入就绪状态
2026-02-09 18:34:22,292 - INFO - 服务器 0 开始执行任务 18 (预计完成: 11.1s)
2026-02-09 18:34:22,491 - INFO - 任务 18 完成于服务器 0 (耗时: 0.1s)
2026-02-09 18:34:22,491 - INFO - 任务 19 依赖满足，进入就绪状态
2026-02-09 18:34:22,492 - INFO - 服务器 0 开始执行任务 31 (预计完成: 12.3s)
2026-02-09 18:34:22,492 - INFO - 服务器 2 开始执行任务 31 (预计完成: 12.8s)
2026-02-09 18:34:22,691 - INFO - 任务 31 完成于服务器 2 (耗时: 0.8s)
2026-02-09 18:34:22,691 - INFO - 任务 33 依赖满足，进入就绪状态
2026-02-09 18:34:22,692 - INFO - 服务器 1 开始执行任务 19 (预计完成: 14.0s)
2026-02-09 18:34:22,891 - INFO - 任务 19 完成于服务器 1 (耗时: 1.0s)
2026-02-09 18:34:22,891 - INFO - 任务 20 依赖满足，进入就绪状态
2026-02-09 18:34:23,091 - INFO - 服务器 2 开始执行任务 33 (预计完成: 15.8s)
2026-02-09 18:34:23,291 - INFO - 任务 33 完成于服务器 2 (耗时: 0.8s)
2026-02-09 18:34:23,291 - INFO - 服务器 2 开始执行任务 20 (预计完成: 16.9s)
2026-02-09 18:34:23,491 - INFO - 任务 20 完成于服务器 2 (耗时: 0.9s)
2026-02-09 18:34:23,491 - INFO - 任务 21 依赖满足，进入就绪状态
2026-02-09 18:34:23,492 - INFO - 服务器 2 开始执行任务 21 (预计完成: 17.7s)
2026-02-09 18:34:23,691 - INFO - 任务 21 完成于服务器 2 (耗时: 0.7s)
2026-02-09 18:34:23,691 - INFO - 任务 22 依赖满足，进入就绪状态
2026-02-09 18:34:24,091 - INFO - 服务器 0 开始执行任务 22 (预计完成: 20.3s)
2026-02-09 18:34:24,291 - INFO - 任务 22 完成于服务器 0 (耗时: 0.3s)
2026-02-09 18:34:24,291 - INFO - 任务 23 依赖满足，进入就绪状态
2026-02-09 18:34:24,292 - INFO - 服务器 3 开始执行任务 23 (预计完成: 21.8s)
2026-02-09 18:34:24,491 - INFO - 任务 23 完成于服务器 3 (耗时: 0.8s)
2026-02-09 18:34:24,491 - INFO - 任务 24 依赖满足，进入就绪状态
2026-02-09 18:34:24,691 - INFO - 服务器 0 开始执行任务 24 (预计完成: 23.3s)
2026-02-09 18:34:24,891 - INFO - 任务 24 完成于服务器 0 (耗时: 0.3s)
2026-02-09 18:34:24,938 - INFO - 所有任务完成! 总耗时: 25.0s
2026-02-09 19:24:50,041 - INFO - 生成任务组1: 15个任务
2026-02-09 19:24:50,041 - INFO - 生成任务组2: 10个任务
2026-02-09 19:24:50,041 - INFO - 生成任务组3: 9个任务
2026-02-09 19:24:50,649 - INFO - 任务 0 依赖满足，进入就绪状态
2026-02-09 19:24:50,649 - INFO - 任务 15 依赖满足，进入就绪状态
2026-02-09 19:24:50,650 - INFO - 任务 25 依赖满足，进入就绪状态
2026-02-09 19:24:50,654 - INFO - 服务器 0 开始执行任务 0 (预计完成: 0.4s)
2026-02-09 19:24:50,879 - INFO - 任务 0 完成于服务器 0 (耗时: 0.4s)
2026-02-09 19:24:50,879 - INFO - 任务 1 依赖满足，进入就绪状态
2026-02-09 19:24:50,879 - INFO - 任务 2 依赖满足，进入就绪状态
2026-02-09 19:24:50,879 - INFO - 任务 3 依赖满足，进入就绪状态
2026-02-09 19:24:50,880 - INFO - 服务器 0 开始执行任务 3 (预计完成: 1.3s)
2026-02-09 19:24:50,880 - INFO - 服务器 2 开始执行任务 1 (预计完成: 1.3s)
2026-02-09 19:24:51,079 - INFO - 任务 1 完成于服务器 2 (耗时: 0.3s)
2026-02-09 19:24:51,080 - INFO - 任务 3 完成于服务器 0 (耗时: 0.3s)
2026-02-09 19:24:51,080 - INFO - 任务 4 依赖满足，进入就绪状态
2026-02-09 19:24:51,080 - INFO - 任务 5 依赖满足，进入就绪状态
2026-02-09 19:24:51,080 - INFO - 任务 8 依赖满足，进入就绪状态
2026-02-09 19:24:51,080 - INFO - 任务 9 依赖满足，进入就绪状态
2026-02-09 19:24:51,081 - INFO - 服务器 0 开始执行任务 5 (预计完成: 2.2s)
2026-02-09 19:24:51,081 - INFO - 服务器 2 开始执行任务 8 (预计完成: 2.9s)
2026-02-09 19:24:51,081 - INFO - 服务器 3 开始执行任务 4 (预计完成: 3.0s)
2026-02-09 19:24:51,280 - INFO - 任务 4 完成于服务器 3 (耗时: 1.0s)
2026-02-09 19:24:51,280 - INFO - 任务 5 完成于服务器 0 (耗时: 0.2s)
2026-02-09 19:24:51,280 - INFO - 任务 8 完成于服务器 2 (耗时: 0.9s)
2026-02-09 19:24:51,280 - INFO - 任务 11 依赖满足，进入就绪状态
2026-02-09 19:24:51,281 - INFO - 服务器 0 开始执行任务 15 (预计完成: 3.3s)
2026-02-09 19:24:51,281 - INFO - 服务器 2 开始执行任务 2 (预计完成: 3.7s)
2026-02-09 19:24:51,480 - INFO - 任务 2 完成于服务器 2 (耗时: 0.7s)
2026-02-09 19:24:51,480 - INFO - 任务 15 完成于服务器 0 (耗时: 0.3s)
2026-02-09 19:24:51,480 - INFO - 任务 6 依赖满足，进入就绪状态
2026-02-09 19:24:51,480 - INFO - 任务 7 依赖满足，进入就绪状态
2026-02-09 19:24:51,480 - INFO - 任务 16 依赖满足，进入就绪状态
2026-02-09 19:24:51,481 - INFO - 服务器 0 开始执行任务 9 (预计完成: 4.4s)
2026-02-09 19:24:51,481 - INFO - 服务器 2 开始执行任务 16 (预计完成: 4.8s)
2026-02-09 19:24:51,680 - INFO - 任务 9 完成于服务器 0 (耗时: 0.4s)
2026-02-09 19:24:51,680 - INFO - 任务 16 完成于服务器 2 (耗时: 0.8s)
2026-02-09 19:24:51,680 - INFO - 任务 17 依赖满足，进入就绪状态
2026-02-09 19:24:51,681 - INFO - 服务器 0 开始执行任务 6 (预计完成: 5.1s)
2026-02-09 19:24:51,681 - INFO - 服务器 1 开始执行任务 25 (预计完成: 5.7s)
2026-02-09 19:24:51,681 - INFO - 服务器 2 开始执行任务 11 (预计完成: 5.8s)
2026-02-09 19:24:51,880 - INFO - 任务 6 完成于服务器 0 (耗时: 0.1s)
2026-02-09 19:24:51,880 - INFO - 任务 11 完成于服务器 2 (耗时: 0.8s)
2026-02-09 19:24:51,880 - INFO - 任务 25 完成于服务器 1 (耗时: 0.7s)
2026-02-09 19:24:51,880 - INFO - 任务 10 依赖满足，进入就绪状态
2026-02-09 19:24:51,880 - INFO - 任务 26 依赖满足，进入就绪状态
2026-02-09 19:24:51,880 - INFO - 任务 27 依赖满足，进入就绪状态
2026-02-09 19:24:51,880 - INFO - 任务 28 依赖满足，进入就绪状态
2026-02-09 19:24:51,881 - INFO - 服务器 0 开始执行任务 7 (预计完成: 6.1s)
2026-02-09 19:24:51,881 - INFO - 服务器 2 开始执行任务 27 (预计完成: 6.8s)
2026-02-09 19:24:52,080 - INFO - 任务 7 完成于服务器 0 (耗时: 0.1s)
2026-02-09 19:24:52,080 - INFO - 任务 27 完成于服务器 2 (耗时: 0.8s)
2026-02-09 19:24:52,080 - INFO - 任务 12 依赖满足，进入就绪状态
2026-02-09 19:24:52,081 - INFO - 服务器 0 开始执行任务 10 (预计完成: 7.3s)
2026-02-09 19:24:52,081 - INFO - 服务器 1 开始执行任务 17 (预计完成: 7.5s)
2026-02-09 19:24:52,081 - INFO - 服务器 2 开始执行任务 17 (预计完成: 7.4s)
2026-02-09 19:24:52,279 - INFO - 任务 10 完成于服务器 0 (耗时: 0.3s)
2026-02-09 19:24:52,280 - INFO - 任务 17 完成于服务器 2 (耗时: 0.4s)
2026-02-09 19:24:52,280 - INFO - 任务 13 依赖满足，进入就绪状态
2026-02-09 19:24:52,280 - INFO - 任务 18 依赖满足，进入就绪状态
2026-02-09 19:24:52,281 - INFO - 服务器 0 开始执行任务 28 (预计完成: 8.2s)
2026-02-09 19:24:52,281 - INFO - 服务器 2 开始执行任务 12 (预计完成: 8.6s)
2026-02-09 19:24:52,480 - INFO - 任务 12 完成于服务器 2 (耗时: 0.6s)
2026-02-09 19:24:52,480 - INFO - 任务 28 完成于服务器 0 (耗时: 0.2s)
2026-02-09 19:24:52,480 - INFO - 服务器 0 开始执行任务 18 (预计完成: 9.4s)
2026-02-09 19:24:52,480 - INFO - 服务器 2 开始执行任务 13 (预计完成: 9.9s)
2026-02-09 19:24:52,680 - INFO - 任务 13 完成于服务器 2 (耗时: 0.9s)
2026-02-09 19:24:52,680 - INFO - 任务 18 完成于服务器 0 (耗时: 0.4s)
2026-02-09 19:24:52,680 - INFO - 任务 14 依赖满足，进入就绪状态
2026-02-09 19:24:52,680 - INFO - 任务 19 依赖满足，进入就绪状态
2026-02-09 19:24:52,681 - INFO - 服务器 2 开始执行任务 14 (预计完成: 10.7s)
2026-02-09 19:24:52,880 - INFO - 任务 14 完成于服务器 2 (耗时: 0.7s)
2026-02-09 19:24:52,880 - INFO - 服务器 0 开始执行任务 26 (预计完成: 11.3s)
2026-02-09 19:24:52,880 - INFO - 服务器 2 开始执行任务 26 (预计完成: 11.8s)
2026-02-09 19:24:53,079 - INFO - 任务 26 完成于服务器 2 (耗时: 0.8s)
2026-02-09 19:24:53,079 - INFO - 任务 29 依赖满足，进入就绪状态
2026-02-09 19:24:53,080 - INFO - 服务器 0 开始执行任务 19 (预计完成: 12.1s)
2026-02-09 19:24:53,080 - INFO - 服务器 2 开始执行任务 29 (预计完成: 12.3s)
2026-02-09 19:24:53,280 - INFO - 任务 19 完成于服务器 0 (耗时: 0.1s)
2026-02-09 19:24:53,280 - INFO - 任务 29 完成于服务器 2 (耗时: 0.3s)
2026-02-09 19:24:53,280 - INFO - 任务 20 依赖满足，进入就绪状态
2026-02-09 19:24:53,280 - INFO - 任务 30 依赖满足，进入就绪状态
2026-02-09 19:24:53,280 - INFO - 服务器 2 开始执行任务 30 (预计完成: 13.3s)
2026-02-09 19:24:53,480 - INFO - 任务 30 完成于服务器 2 (耗时: 0.3s)
2026-02-09 19:24:53,480 - INFO - 任务 31 依赖满足，进入就绪状态
2026-02-09 19:24:53,480 - INFO - 任务 32 依赖满足，进入就绪状态
2026-02-09 19:24:53,481 - INFO - 服务器 0 开始执行任务 20 (预计完成: 14.4s)
2026-02-09 19:24:53,481 - INFO - 服务器 2 开始执行任务 31 (预计完成: 14.4s)
2026-02-09 19:24:53,680 - INFO - 任务 20 完成于服务器 0 (耗时: 0.4s)
2026-02-09 19:24:53,680 - INFO - 任务 31 完成于服务器 2 (耗时: 0.4s)
2026-02-09 19:24:53,680 - INFO - 任务 21 依赖满足，进入就绪状态
2026-02-09 19:24:53,680 - INFO - 服务器 0 开始执行任务 21 (预计完成: 15.3s)
2026-02-09 19:24:53,681 - INFO - 服务器 2 开始执行任务 32 (预计完成: 15.9s)
2026-02-09 19:24:53,879 - INFO - 任务 21 完成于服务器 0 (耗时: 0.3s)
2026-02-09 19:24:53,879 - INFO - 任务 32 完成于服务器 2 (耗时: 0.9s)
2026-02-09 19:24:53,879 - INFO - 任务 22 依赖满足，进入就绪状态
2026-02-09 19:24:53,879 - INFO - 任务 33 依赖满足，进入就绪状态
2026-02-09 19:24:53,880 - INFO - 服务器 2 开始执行任务 22 (预计完成: 16.6s)
2026-02-09 19:24:54,079 - INFO - 任务 22 完成于服务器 2 (耗时: 0.6s)
2026-02-09 19:24:54,079 - INFO - 任务 23 依赖满足，进入就绪状态
2026-02-09 19:24:54,080 - INFO - 服务器 2 开始执行任务 33 (预计完成: 17.9s)
2026-02-09 19:24:54,080 - INFO - 服务器 3 开始执行任务 23 (预计完成: 18.0s)
2026-02-09 19:24:54,280 - INFO - 任务 23 完成于服务器 3 (耗时: 1.0s)
2026-02-09 19:24:54,280 - INFO - 任务 33 完成于服务器 2 (耗时: 0.9s)
2026-02-09 19:24:54,280 - INFO - 任务 24 依赖满足，进入就绪状态
2026-02-09 19:24:54,480 - INFO - 服务器 2 开始执行任务 24 (预计完成: 19.7s)
2026-02-09 19:24:54,680 - INFO - 任务 24 完成于服务器 2 (耗时: 0.7s)
2026-02-09 19:24:54,725 - INFO - 所有任务完成! 总耗时: 21.0s
2026-02-12 02:01:00,076 - INFO - 生成任务组1: 15个任务
2026-02-12 02:01:00,076 - INFO - 生成任务组2: 10个任务
2026-02-12 02:01:00,076 - INFO - 生成任务组3: 9个任务
2026-02-12 02:01:00,652 - INFO - 任务 0 依赖满足，进入就绪状态
2026-02-12 02:01:00,652 - INFO - 任务 15 依赖满足，进入就绪状态
2026-02-12 02:01:00,652 - INFO - 任务 25 依赖满足，进入就绪状态
2026-02-12 02:01:00,657 - INFO - 服务器 0 开始执行任务 15 (预计完成: 0.1s)
2026-02-12 02:01:00,657 - INFO - 服务器 1 开始执行任务 25 (预计完成: 0.3s)
2026-02-12 02:01:00,883 - INFO - 任务 15 完成于服务器 0 (耗时: 0.1s)
2026-02-12 02:01:00,883 - INFO - 任务 25 完成于服务器 1 (耗时: 0.3s)
2026-02-12 02:01:00,883 - INFO - 任务 16 依赖满足，进入就绪状态
2026-02-12 02:01:00,883 - INFO - 任务 26 依赖满足，进入就绪状态
2026-02-12 02:01:00,883 - INFO - 任务 27 依赖满足，进入就绪状态
2026-02-12 02:01:00,883 - INFO - 任务 28 依赖满足，进入就绪状态
2026-02-12 02:01:00,884 - INFO - 服务器 0 开始执行任务 0 (预计完成: 1.1s)
2026-02-12 02:01:00,884 - INFO - 服务器 1 开始执行任务 0 (预计完成: 1.4s)
2026-02-12 02:01:00,884 - INFO - 服务器 2 开始执行任务 28 (预计完成: 1.1s)
2026-02-12 02:01:00,884 - INFO - 服务器 3 开始执行任务 27 (预计完成: 1.5s)
2026-02-12 02:01:01,083 - INFO - 任务 0 完成于服务器 1 (耗时: 0.4s)
2026-02-12 02:01:01,083 - INFO - 任务 27 完成于服务器 3 (耗时: 0.5s)
2026-02-12 02:01:01,083 - INFO - 任务 28 完成于服务器 2 (耗时: 0.1s)
2026-02-12 02:01:01,083 - INFO - 任务 1 依赖满足，进入就绪状态
2026-02-12 02:01:01,083 - INFO - 任务 2 依赖满足，进入就绪状态
2026-02-12 02:01:01,083 - INFO - 任务 3 依赖满足，进入就绪状态
2026-02-12 02:01:01,084 - INFO - 服务器 0 开始执行任务 2 (预计完成: 2.1s)
2026-02-12 02:01:01,084 - INFO - 服务器 1 开始执行任务 1 (预计完成: 2.3s)
2026-02-12 02:01:01,084 - INFO - 服务器 2 开始执行任务 26 (预计完成: 2.1s)
2026-02-12 02:01:01,084 - INFO - 服务器 3 开始执行任务 16 (预计完成: 2.6s)
2026-02-12 02:01:01,283 - INFO - 任务 1 完成于服务器 1 (耗时: 0.3s)
2026-02-12 02:01:01,283 - INFO - 任务 2 完成于服务器 0 (耗时: 0.1s)
2026-02-12 02:01:01,283 - INFO - 任务 16 完成于服务器 3 (耗时: 0.6s)
2026-02-12 02:01:01,283 - INFO - 任务 26 完成于服务器 2 (耗时: 0.1s)
2026-02-12 02:01:01,283 - INFO - 任务 4 依赖满足，进入就绪状态
2026-02-12 02:01:01,283 - INFO - 任务 5 依赖满足，进入就绪状态
2026-02-12 02:01:01,283 - INFO - 任务 6 依赖满足，进入就绪状态
2026-02-12 02:01:01,283 - INFO - 任务 7 依赖满足，进入就绪状态
2026-02-12 02:01:01,283 - INFO - 任务 17 依赖满足，进入就绪状态
2026-02-12 02:01:01,283 - INFO - 任务 29 依赖满足，进入就绪状态
2026-02-12 02:01:01,284 - INFO - 服务器 0 开始执行任务 5 (预计完成: 3.2s)
2026-02-12 02:01:01,284 - INFO - 服务器 1 开始执行任务 6 (预计完成: 3.5s)
2026-02-12 02:01:01,284 - INFO - 服务器 2 开始执行任务 3 (预计完成: 3.3s)
2026-02-12 02:01:01,483 - INFO - 任务 3 完成于服务器 2 (耗时: 0.3s)
2026-02-12 02:01:01,483 - INFO - 任务 5 完成于服务器 0 (耗时: 0.2s)
2026-02-12 02:01:01,483 - INFO - 任务 6 完成于服务器 1 (耗时: 0.5s)
2026-02-12 02:01:01,483 - INFO - 任务 8 依赖满足，进入就绪状态
2026-02-12 02:01:01,483 - INFO - 任务 9 依赖满足，进入就绪状态
2026-02-12 02:01:01,484 - INFO - 服务器 0 开始执行任务 17 (预计完成: 4.1s)
2026-02-12 02:01:01,484 - INFO - 服务器 1 开始执行任务 7 (预计完成: 4.3s)
2026-02-12 02:01:01,484 - INFO - 服务器 2 开始执行任务 17 (预计完成: 4.2s)
2026-02-12 02:01:01,484 - INFO - 服务器 3 开始执行任务 8 (预计完成: 4.4s)
2026-02-12 02:01:01,684 - INFO - 任务 7 完成于服务器 1 (耗时: 0.3s)
2026-02-12 02:01:01,684 - INFO - 任务 8 完成于服务器 3 (耗时: 0.4s)
2026-02-12 02:01:01,684 - INFO - 任务 17 完成于服务器 2 (耗时: 0.2s)
2026-02-12 02:01:01,684 - INFO - 任务 11 依赖满足，进入就绪状态
2026-02-12 02:01:01,684 - INFO - 任务 18 依赖满足，进入就绪状态
2026-02-12 02:01:01,685 - INFO - 服务器 0 开始执行任务 9 (预计完成: 5.1s)
2026-02-12 02:01:01,685 - INFO - 服务器 1 开始执行任务 9 (预计完成: 5.3s)
2026-02-12 02:01:01,685 - INFO - 服务器 2 开始执行任务 4 (预计完成: 5.2s)
2026-02-12 02:01:01,884 - INFO - 任务 4 完成于服务器 2 (耗时: 0.2s)
2026-02-12 02:01:01,884 - INFO - 任务 9 完成于服务器 1 (耗时: 0.3s)
2026-02-12 02:01:01,884 - INFO - 任务 10 依赖满足，进入就绪状态
2026-02-12 02:01:01,884 - INFO - 任务 12 依赖满足，进入就绪状态
2026-02-12 02:01:01,885 - INFO - 服务器 0 开始执行任务 10 (预计完成: 6.1s)
2026-02-12 02:01:01,885 - INFO - 服务器 1 开始执行任务 29 (预计完成: 6.2s)
2026-02-12 02:01:01,885 - INFO - 服务器 2 开始执行任务 12 (预计完成: 6.1s)
2026-02-12 02:01:01,885 - INFO - 服务器 3 开始执行任务 18 (预计完成: 6.3s)
2026-02-12 02:01:02,083 - INFO - 任务 10 完成于服务器 0 (耗时: 0.1s)
2026-02-12 02:01:02,083 - INFO - 任务 12 完成于服务器 2 (耗时: 0.1s)
2026-02-12 02:01:02,083 - INFO - 任务 18 完成于服务器 3 (耗时: 0.3s)
2026-02-12 02:01:02,083 - INFO - 任务 29 完成于服务器 1 (耗时: 0.2s)
2026-02-12 02:01:02,083 - INFO - 任务 19 依赖满足，进入就绪状态
2026-02-12 02:01:02,083 - INFO - 任务 30 依赖满足，进入就绪状态
2026-02-12 02:01:02,084 - INFO - 服务器 0 开始执行任务 11 (预计完成: 7.1s)
2026-02-12 02:01:02,084 - INFO - 服务器 1 开始执行任务 11 (预计完成: 7.4s)
2026-02-12 02:01:02,084 - INFO - 服务器 2 开始执行任务 30 (预计完成: 7.1s)
2026-02-12 02:01:02,084 - INFO - 服务器 3 开始执行任务 19 (预计完成: 7.6s)
2026-02-12 02:01:02,284 - INFO - 任务 11 完成于服务器 1 (耗时: 0.4s)
2026-02-12 02:01:02,284 - INFO - 任务 19 完成于服务器 3 (耗时: 0.6s)
2026-02-12 02:01:02,284 - INFO - 任务 30 完成于服务器 2 (耗时: 0.1s)
2026-02-12 02:01:02,284 - INFO - 任务 13 依赖满足，进入就绪状态
2026-02-12 02:01:02,284 - INFO - 任务 20 依赖满足，进入就绪状态
2026-02-12 02:01:02,284 - INFO - 任务 31 依赖满足，进入就绪状态
2026-02-12 02:01:02,284 - INFO - 任务 32 依赖满足，进入就绪状态
2026-02-12 02:01:02,285 - INFO - 服务器 1 开始执行任务 32 (预计完成: 8.2s)
2026-02-12 02:01:02,285 - INFO - 服务器 2 开始执行任务 20 (预计完成: 8.4s)
2026-02-12 02:01:02,484 - INFO - 任务 20 完成于服务器 2 (耗时: 0.4s)
2026-02-12 02:01:02,484 - INFO - 任务 32 完成于服务器 1 (耗时: 0.2s)
2026-02-12 02:01:02,484 - INFO - 任务 21 依赖满足，进入就绪状态
2026-02-12 02:01:02,485 - INFO - 服务器 1 开始执行任务 13 (预计完成: 9.5s)
2026-02-12 02:01:02,485 - INFO - 服务器 2 开始执行任务 13 (预计完成: 9.4s)
2026-02-12 02:01:02,485 - INFO - 服务器 3 开始执行任务 21 (预计完成: 9.2s)
2026-02-12 02:01:02,684 - INFO - 任务 13 完成于服务器 2 (耗时: 0.4s)
2026-02-12 02:01:02,684 - INFO - 任务 21 完成于服务器 3 (耗时: 0.2s)
2026-02-12 02:01:02,684 - INFO - 任务 14 依赖满足，进入就绪状态
2026-02-12 02:01:02,684 - INFO - 任务 22 依赖满足，进入就绪状态
2026-02-12 02:01:02,685 - INFO - 服务器 1 开始执行任务 31 (预计完成: 10.4s)
2026-02-12 02:01:02,685 - INFO - 服务器 2 开始执行任务 14 (预计完成: 10.4s)
2026-02-12 02:01:02,685 - INFO - 服务器 3 开始执行任务 22 (预计完成: 10.3s)
2026-02-12 02:01:02,884 - INFO - 任务 14 完成于服务器 2 (耗时: 0.4s)
2026-02-12 02:01:02,884 - INFO - 任务 22 完成于服务器 3 (耗时: 0.3s)
2026-02-12 02:01:02,884 - INFO - 任务 31 完成于服务器 1 (耗时: 0.4s)
2026-02-12 02:01:02,884 - INFO - 任务 23 依赖满足，进入就绪状态
2026-02-12 02:01:02,884 - INFO - 任务 33 依赖满足，进入就绪状态
2026-02-12 02:01:02,885 - INFO - 服务器 1 开始执行任务 33 (预计完成: 11.2s)
2026-02-12 02:01:02,885 - INFO - 服务器 2 开始执行任务 23 (预计完成: 11.4s)
2026-02-12 02:01:03,084 - INFO - 任务 23 完成于服务器 2 (耗时: 0.4s)
2026-02-12 02:01:03,084 - INFO - 任务 33 完成于服务器 1 (耗时: 0.2s)
2026-02-12 02:01:03,084 - INFO - 任务 24 依赖满足，进入就绪状态
2026-02-12 02:01:03,085 - INFO - 服务器 2 开始执行任务 24 (预计完成: 12.4s)
2026-02-12 02:01:03,284 - INFO - 任务 24 完成于服务器 2 (耗时: 0.4s)
2026-02-12 02:01:03,332 - INFO - 所有任务完成! 总耗时: 14.0s
2026-02-16 14:15:30,023 - INFO - 生成任务组1: 15个任务
2026-02-16 14:15:30,023 - INFO - 生成任务组2: 10个任务
2026-02-16 14:15:30,023 - INFO - 生成任务组3: 9个任务
2026-02-16 14:15:30,704 - INFO - 任务 0 依赖满足，进入就绪状态
2026-02-16 14:15:30,704 - INFO - 任务 15 依赖满足，进入就绪状态
2026-02-16 14:15:30,704 - INFO - 任务 25 依赖满足，进入就绪状态
2026-02-16 14:15:30,710 - INFO - 服务器 0 开始执行任务 15 (预计完成: 0.1s)
2026-02-16 14:15:30,710 - INFO - 服务器 2 开始执行任务 0 (预计完成: 0.1s)
2026-02-16 14:15:30,710 - INFO - 服务器 3 开始执行任务 25 (预计完成: 0.6s)
2026-02-16 14:15:30,951 - INFO - 任务 0 完成于服务器 2 (耗时: 0.1s)
2026-02-16 14:15:30,952 - INFO - 任务 15 完成于服务器 0 (耗时: 0.1s)
2026-02-16 14:15:30,952 - INFO - 任务 25 完成于服务器 3 (耗时: 0.6s)
2026-02-16 14:15:30,952 - INFO - 任务 1 依赖满足，进入就绪状态
2026-02-16 14:15:30,952 - INFO - 任务 2 依赖满足，进入就绪状态
2026-02-16 14:15:30,952 - INFO - 任务 3 依赖满足，进入就绪状态
2026-02-16 14:15:30,952 - INFO - 任务 16 依赖满足，进入就绪状态
2026-02-16 14:15:30,952 - INFO - 任务 26 依赖满足，进入就绪状态
2026-02-16 14:15:30,952 - INFO - 任务 27 依赖满足，进入就绪状态
2026-02-16 14:15:30,952 - INFO - 任务 28 依赖满足，进入就绪状态
2026-02-16 14:15:30,952 - INFO - 服务器 0 开始执行任务 16 (预计完成: 1.1s)
2026-02-16 14:15:30,952 - INFO - 服务器 1 开始执行任务 2 (预计完成: 1.5s)
2026-02-16 14:15:30,952 - INFO - 服务器 2 开始执行任务 26 (预计完成: 1.3s)
2026-02-16 14:15:30,953 - INFO - 服务器 3 开始执行任务 1 (预计完成: 1.3s)
2026-02-16 14:15:31,152 - INFO - 任务 1 完成于服务器 3 (耗时: 0.3s)
2026-02-16 14:15:31,152 - INFO - 任务 2 完成于服务器 1 (耗时: 0.5s)
2026-02-16 14:15:31,152 - INFO - 任务 16 完成于服务器 0 (耗时: 0.1s)
2026-02-16 14:15:31,152 - INFO - 任务 26 完成于服务器 2 (耗时: 0.3s)
2026-02-16 14:15:31,152 - INFO - 任务 4 依赖满足，进入就绪状态
2026-02-16 14:15:31,152 - INFO - 任务 5 依赖满足，进入就绪状态
2026-02-16 14:15:31,152 - INFO - 任务 6 依赖满足，进入就绪状态
2026-02-16 14:15:31,152 - INFO - 任务 7 依赖满足，进入就绪状态
2026-02-16 14:15:31,152 - INFO - 任务 17 依赖满足，进入就绪状态
2026-02-16 14:15:31,153 - INFO - 服务器 0 开始执行任务 3 (预计完成: 2.1s)
2026-02-16 14:15:31,153 - INFO - 服务器 1 开始执行任务 4 (预计完成: 2.4s)
2026-02-16 14:15:31,153 - INFO - 服务器 2 开始执行任务 3 (预计完成: 2.1s)
2026-02-16 14:15:31,153 - INFO - 服务器 3 开始执行任务 27 (预计完成: 2.3s)
2026-02-16 14:15:31,351 - INFO - 任务 3 完成于服务器 2 (耗时: 0.1s)
2026-02-16 14:15:31,351 - INFO - 任务 4 完成于服务器 1 (耗时: 0.4s)
2026-02-16 14:15:31,352 - INFO - 任务 27 完成于服务器 3 (耗时: 0.3s)
2026-02-16 14:15:31,352 - INFO - 任务 8 依赖满足，进入就绪状态
2026-02-16 14:15:31,352 - INFO - 任务 9 依赖满足，进入就绪状态
2026-02-16 14:15:31,352 - INFO - 任务 29 依赖满足，进入就绪状态
2026-02-16 14:15:31,352 - INFO - 服务器 0 开始执行任务 5 (预计完成: 3.1s)
2026-02-16 14:15:31,352 - INFO - 服务器 1 开始执行任务 17 (预计完成: 3.3s)
2026-02-16 14:15:31,352 - INFO - 服务器 2 开始执行任务 28 (预计完成: 3.2s)
2026-02-16 14:15:31,352 - INFO - 服务器 3 开始执行任务 29 (预计完成: 3.4s)
2026-02-16 14:15:31,551 - INFO - 任务 5 完成于服务器 0 (耗时: 0.1s)
2026-02-16 14:15:31,552 - INFO - 任务 17 完成于服务器 1 (耗时: 0.3s)
2026-02-16 14:15:31,552 - INFO - 任务 28 完成于服务器 2 (耗时: 0.2s)
2026-02-16 14:15:31,552 - INFO - 任务 29 完成于服务器 3 (耗时: 0.4s)
2026-02-16 14:15:31,552 - INFO - 任务 18 依赖满足，进入就绪状态
2026-02-16 14:15:31,552 - INFO - 任务 30 依赖满足，进入就绪状态
2026-02-16 14:15:31,552 - INFO - 服务器 0 开始执行任务 8 (预计完成: 4.1s)
2026-02-16 14:15:31,552 - INFO - 服务器 1 开始执行任务 7 (预计完成: 4.4s)
2026-02-16 14:15:31,552 - INFO - 服务器 2 开始执行任务 18 (预计完成: 4.4s)
2026-02-16 14:15:31,552 - INFO - 服务器 3 开始执行任务 8 (预计完成: 4.4s)
2026-02-16 14:15:31,751 - INFO - 任务 7 完成于服务器 1 (耗时: 0.4s)
2026-02-16 14:15:31,751 - INFO - 任务 8 完成于服务器 3 (耗时: 0.4s)
2026-02-16 14:15:31,752 - INFO - 任务 18 完成于服务器 2 (耗时: 0.4s)
2026-02-16 14:15:31,752 - INFO - 任务 11 依赖满足，进入就绪状态
2026-02-16 14:15:31,752 - INFO - 任务 19 依赖满足，进入就绪状态
2026-02-16 14:15:31,752 - INFO - 服务器 0 开始执行任务 6 (预计完成: 5.1s)
2026-02-16 14:15:31,752 - INFO - 服务器 1 开始执行任务 30 (预计完成: 5.2s)
2026-02-16 14:15:31,752 - INFO - 服务器 2 开始执行任务 19 (预计完成: 5.1s)
2026-02-16 14:15:31,752 - INFO - 服务器 3 开始执行任务 6 (预计完成: 5.6s)
2026-02-16 14:15:31,951 - INFO - 任务 6 完成于服务器 3 (耗时: 0.6s)
2026-02-16 14:15:31,951 - INFO - 任务 19 完成于服务器 2 (耗时: 0.1s)
2026-02-16 14:15:31,952 - INFO - 任务 30 完成于服务器 1 (耗时: 0.2s)
2026-02-16 14:15:31,952 - INFO - 任务 10 依赖满足，进入就绪状态
2026-02-16 14:15:31,952 - INFO - 任务 20 依赖满足，进入就绪状态
2026-02-16 14:15:31,952 - INFO - 任务 31 依赖满足，进入就绪状态
2026-02-16 14:15:31,952 - INFO - 任务 32 依赖满足，进入就绪状态
2026-02-16 14:15:31,952 - INFO - 服务器 0 开始执行任务 9 (预计完成: 6.1s)
2026-02-16 14:15:31,952 - INFO - 服务器 1 开始执行任务 9 (预计完成: 6.2s)
2026-02-16 14:15:31,952 - INFO - 服务器 2 开始执行任务 10 (预计完成: 6.4s)
2026-02-16 14:15:31,952 - INFO - 服务器 3 开始执行任务 32 (预计完成: 6.6s)
2026-02-16 14:15:32,151 - INFO - 任务 9 完成于服务器 1 (耗时: 0.2s)
2026-02-16 14:15:32,151 - INFO - 任务 10 完成于服务器 2 (耗时: 0.4s)
2026-02-16 14:15:32,152 - INFO - 任务 32 完成于服务器 3 (耗时: 0.6s)
2026-02-16 14:15:32,152 - INFO - 任务 12 依赖满足，进入就绪状态
2026-02-16 14:15:32,152 - INFO - 服务器 0 开始执行任务 20 (预计完成: 7.0s)
2026-02-16 14:15:32,152 - INFO - 服务器 1 开始执行任务 12 (预计完成: 7.3s)
2026-02-16 14:15:32,152 - INFO - 服务器 2 开始执行任务 31 (预计完成: 7.4s)
2026-02-16 14:15:32,152 - INFO - 服务器 3 开始执行任务 11 (预计完成: 7.6s)
2026-02-16 14:15:32,351 - INFO - 任务 11 完成于服务器 3 (耗时: 0.6s)
2026-02-16 14:15:32,351 - INFO - 任务 12 完成于服务器 1 (耗时: 0.3s)
2026-02-16 14:15:32,352 - INFO - 任务 20 完成于服务器 0 (耗时: 0.0s)
2026-02-16 14:15:32,352 - INFO - 任务 31 完成于服务器 2 (耗时: 0.4s)
2026-02-16 14:15:32,352 - INFO - 任务 13 依赖满足，进入就绪状态
2026-02-16 14:15:32,352 - INFO - 任务 21 依赖满足，进入就绪状态
2026-02-16 14:15:32,352 - INFO - 任务 33 依赖满足，进入就绪状态
2026-02-16 14:15:32,352 - INFO - 服务器 0 开始执行任务 13 (预计完成: 8.1s)
2026-02-16 14:15:32,352 - INFO - 服务器 2 开始执行任务 21 (预计完成: 8.2s)
2026-02-16 14:15:32,552 - INFO - 任务 13 完成于服务器 0 (耗时: 0.1s)
2026-02-16 14:15:32,552 - INFO - 任务 21 完成于服务器 2 (耗时: 0.2s)
2026-02-16 14:15:32,552 - INFO - 任务 14 依赖满足，进入就绪状态
2026-02-16 14:15:32,552 - INFO - 任务 22 依赖满足，进入就绪状态
2026-02-16 14:15:32,553 - INFO - 服务器 0 开始执行任务 14 (预计完成: 9.1s)
2026-02-16 14:15:32,553 - INFO - 服务器 3 开始执行任务 33 (预计完成: 9.5s)
2026-02-16 14:15:32,751 - INFO - 任务 14 完成于服务器 0 (耗时: 0.1s)
2026-02-16 14:15:32,752 - INFO - 任务 33 完成于服务器 3 (耗时: 0.5s)
2026-02-16 14:15:32,752 - INFO - 服务器 0 开始执行任务 22 (预计完成: 10.1s)
2026-02-16 14:15:32,752 - INFO - 服务器 2 开始执行任务 22 (预计完成: 10.2s)
2026-02-16 14:15:32,951 - INFO - 任务 22 完成于服务器 2 (耗时: 0.2s)
2026-02-16 14:15:32,952 - INFO - 任务 23 依赖满足，进入就绪状态
2026-02-16 14:15:32,952 - INFO - 服务器 1 开始执行任务 23 (预计完成: 11.2s)
2026-02-16 14:15:33,152 - INFO - 任务 23 完成于服务器 1 (耗时: 0.2s)
2026-02-16 14:15:33,152 - INFO - 任务 24 依赖满足，进入就绪状态
2026-02-16 14:15:33,152 - INFO - 服务器 3 开始执行任务 24 (预计完成: 12.3s)
2026-02-16 14:15:33,351 - INFO - 任务 24 完成于服务器 3 (耗时: 0.3s)
2026-02-16 14:15:33,384 - INFO - 所有任务完成! 总耗时: 14.0s
