2026-02-09 18:32:51,855 - INFO - 生成任务组1: 15个任务
2026-02-09 18:32:51,855 - INFO - 生成任务组2: 10个任务
2026-02-09 18:32:51,856 - INFO - 生成任务组3: 9个任务
2026-02-09 18:32:52,022 - INFO - 任务 0 依赖满足，进入就绪状态
2026-02-09 18:32:52,023 - INFO - 任务 15 依赖满足，进入就绪状态
2026-02-09 18:32:52,023 - INFO - 任务 25 依赖满足，进入就绪状态
2026-02-09 18:32:52,023 - INFO - 服务器 0 开始执行任务 0 (预计完成: 0.2s)
2026-02-09 18:32:52,023 - INFO - 服务器 2 开始执行任务 25 (预计完成: 0.5s)
2026-02-09 18:32:52,247 - INFO - 任务 0 完成于服务器 0 (耗时: 0.2s)
2026-02-09 18:32:52,248 - INFO - 任务 25 完成于服务器 2 (耗时: 0.5s)
2026-02-09 18:32:52,248 - INFO - 任务 1 依赖满足，进入就绪状态
2026-02-09 18:32:52,248 - INFO - 任务 2 依赖满足，进入就绪状态
2026-02-09 18:32:52,248 - INFO - 任务 3 依赖满足，进入就绪状态
2026-02-09 18:32:52,248 - INFO - 任务 26 依赖满足，进入就绪状态
2026-02-09 18:32:52,248 - INFO - 任务 27 依赖满足，进入就绪状态
2026-02-09 18:32:52,248 - INFO - 任务 28 依赖满足，进入就绪状态
2026-02-09 18:32:52,248 - INFO - 服务器 0 开始执行任务 2 (预计完成: 1.3s)
2026-02-09 18:32:52,248 - INFO - 服务器 1 开始执行任务 3 (预计完成: 1.7s)
2026-02-09 18:32:52,248 - INFO - 服务器 2 开始执行任务 15 (预计完成: 1.9s)
2026-02-09 18:32:52,447 - INFO - 任务 2 完成于服务器 0 (耗时: 0.3s)
2026-02-09 18:32:52,448 - INFO - 任务 3 完成于服务器 1 (耗时: 0.7s)
2026-02-09 18:32:52,448 - INFO - 任务 15 完成于服务器 2 (耗时: 0.9s)
2026-02-09 18:32:52,448 - INFO - 任务 6 依赖满足，进入就绪状态
2026-02-09 18:32:52,448 - INFO - 任务 7 依赖满足，进入就绪状态
2026-02-09 18:32:52,448 - INFO - 任务 8 依赖满足，进入就绪状态
2026-02-09 18:32:52,448 - INFO - 任务 9 依赖满足，进入就绪状态
2026-02-09 18:32:52,448 - INFO - 任务 16 依赖满足，进入就绪状态
2026-02-09 18:32:52,448 - INFO - 服务器 0 开始执行任务 26 (预计完成: 2.3s)
2026-02-09 18:32:52,448 - INFO - 服务器 1 开始执行任务 8 (预计完成: 2.8s)
2026-02-09 18:32:52,448 - INFO - 服务器 2 开始执行任务 9 (预计完成: 2.3s)
2026-02-09 18:32:52,448 - INFO - 服务器 3 开始执行任务 16 (预计完成: 2.6s)
2026-02-09 18:32:52,647 - INFO - 任务 8 完成于服务器 1 (耗时: 0.8s)
2026-02-09 18:32:52,648 - INFO - 任务 9 完成于服务器 2 (耗时: 0.3s)
2026-02-09 18:32:52,648 - INFO - 任务 16 完成于服务器 3 (耗时: 0.6s)
2026-02-09 18:32:52,648 - INFO - 任务 26 完成于服务器 0 (耗时: 0.3s)
2026-02-09 18:32:52,648 - INFO - 任务 17 依赖满足，进入就绪状态
2026-02-09 18:32:52,648 - INFO - 服务器 0 开始执行任务 6 (预计完成: 3.4s)
2026-02-09 18:32:52,648 - INFO - 服务器 1 开始执行任务 7 (预计完成: 3.5s)
2026-02-09 18:32:52,648 - INFO - 服务器 2 开始执行任务 1 (预计完成: 3.8s)
2026-02-09 18:32:52,847 - INFO - 任务 1 完成于服务器 2 (耗时: 0.8s)
2026-02-09 18:32:52,848 - INFO - 任务 6 完成于服务器 0 (耗时: 0.4s)
2026-02-09 18:32:52,848 - INFO - 任务 7 完成于服务器 1 (耗时: 0.5s)
2026-02-09 18:32:52,848 - INFO - 任务 4 依赖满足，进入就绪状态
2026-02-09 18:32:52,848 - INFO - 任务 5 依赖满足，进入就绪状态
2026-02-09 18:32:52,848 - INFO - 任务 12 依赖满足，进入就绪状态
2026-02-09 18:32:52,848 - INFO - 服务器 0 开始执行任务 17 (预计完成: 4.3s)
2026-02-09 18:32:52,848 - INFO - 服务器 1 开始执行任务 27 (预计完成: 4.8s)
2026-02-09 18:32:52,848 - INFO - 服务器 2 开始执行任务 5 (预计完成: 4.9s)
2026-02-09 18:32:53,047 - INFO - 任务 5 完成于服务器 2 (耗时: 0.9s)
2026-02-09 18:32:53,047 - INFO - 任务 17 完成于服务器 0 (耗时: 0.3s)
2026-02-09 18:32:53,048 - INFO - 任务 27 完成于服务器 1 (耗时: 0.8s)
2026-02-09 18:32:53,048 - INFO - 任务 11 依赖满足，进入就绪状态
2026-02-09 18:32:53,048 - INFO - 任务 18 依赖满足，进入就绪状态
2026-02-09 18:32:53,048 - INFO - 任务 29 依赖满足，进入就绪状态
2026-02-09 18:32:53,048 - INFO - 服务器 0 开始执行任务 28 (预计完成: 5.1s)
2026-02-09 18:32:53,048 - INFO - 服务器 1 开始执行任务 28 (预计完成: 5.4s)
2026-02-09 18:32:53,048 - INFO - 服务器 2 开始执行任务 18 (预计完成: 5.4s)
2026-02-09 18:32:53,048 - INFO - 服务器 3 开始执行任务 28 (预计完成: 5.6s)
2026-02-09 18:32:53,247 - INFO - 任务 18 完成于服务器 2 (耗时: 0.4s)
2026-02-09 18:32:53,248 - INFO - 任务 28 完成于服务器 3 (耗时: 0.6s)
2026-02-09 18:32:53,248 - INFO - 任务 19 依赖满足，进入就绪状态
2026-02-09 18:32:53,248 - INFO - 服务器 0 开始执行任务 11 (预计完成: 6.4s)
2026-02-09 18:32:53,248 - INFO - 服务器 1 开始执行任务 29 (预计完成: 6.4s)
2026-02-09 18:32:53,248 - INFO - 服务器 2 开始执行任务 11 (预计完成: 7.0s)
2026-02-09 18:32:53,447 - INFO - 任务 11 完成于服务器 2 (耗时: 1.0s)
2026-02-09 18:32:53,447 - INFO - 任务 29 完成于服务器 1 (耗时: 0.4s)
2026-02-09 18:32:53,447 - INFO - 任务 30 依赖满足，进入就绪状态
2026-02-09 18:32:53,447 - INFO - 服务器 0 开始执行任务 19 (预计完成: 7.2s)
2026-02-09 18:32:53,447 - INFO - 服务器 2 开始执行任务 4 (预计完成: 7.9s)
2026-02-09 18:32:53,648 - INFO - 任务 4 完成于服务器 2 (耗时: 0.9s)
2026-02-09 18:32:53,648 - INFO - 任务 19 完成于服务器 0 (耗时: 0.2s)
2026-02-09 18:32:53,648 - INFO - 任务 10 依赖满足，进入就绪状态
2026-02-09 18:32:53,648 - INFO - 任务 20 依赖满足，进入就绪状态
2026-02-09 18:32:53,648 - INFO - 服务器 0 开始执行任务 20 (预计完成: 8.4s)
2026-02-09 18:32:53,648 - INFO - 服务器 2 开始执行任务 10 (预计完成: 8.9s)
2026-02-09 18:32:53,847 - INFO - 任务 10 完成于服务器 2 (耗时: 0.9s)
2026-02-09 18:32:53,848 - INFO - 任务 20 完成于服务器 0 (耗时: 0.4s)
2026-02-09 18:32:53,848 - INFO - 任务 13 依赖满足，进入就绪状态
2026-02-09 18:32:53,848 - INFO - 任务 21 依赖满足，进入就绪状态
2026-02-09 18:32:53,848 - INFO - 服务器 0 开始执行任务 21 (预计完成: 9.3s)
2026-02-09 18:32:53,848 - INFO - 服务器 2 开始执行任务 12 (预计完成: 9.9s)
2026-02-09 18:32:54,048 - INFO - 任务 12 完成于服务器 2 (耗时: 0.9s)
2026-02-09 18:32:54,048 - INFO - 任务 21 完成于服务器 0 (耗时: 0.3s)
2026-02-09 18:32:54,048 - INFO - 任务 22 依赖满足，进入就绪状态
2026-02-09 18:32:54,048 - INFO - 服务器 0 开始执行任务 30 (预计完成: 10.4s)
2026-02-09 18:32:54,048 - INFO - 服务器 2 开始执行任务 13 (预计完成: 10.9s)
2026-02-09 18:32:54,248 - INFO - 任务 13 完成于服务器 2 (耗时: 0.9s)
2026-02-09 18:32:54,248 - INFO - 任务 30 完成于服务器 0 (耗时: 0.4s)
2026-02-09 18:32:54,248 - INFO - 任务 14 依赖满足，进入就绪状态
2026-02-09 18:32:54,248 - INFO - 任务 31 依赖满足，进入就绪状态
2026-02-09 18:32:54,248 - INFO - 任务 32 依赖满足，进入就绪状态
2026-02-09 18:32:54,248 - INFO - 服务器 0 开始执行任务 32 (预计完成: 11.1s)
2026-02-09 18:32:54,248 - INFO - 服务器 2 开始执行任务 22 (预计完成: 11.8s)
2026-02-09 18:32:54,248 - INFO - 服务器 3 开始执行任务 31 (预计完成: 11.9s)
2026-02-09 18:32:54,447 - INFO - 任务 22 完成于服务器 2 (耗时: 0.8s)
2026-02-09 18:32:54,447 - INFO - 任务 31 完成于服务器 3 (耗时: 0.9s)
2026-02-09 18:32:54,447 - INFO - 任务 32 完成于服务器 0 (耗时: 0.1s)
2026-02-09 18:32:54,447 - INFO - 任务 23 依赖满足，进入就绪状态
2026-02-09 18:32:54,447 - INFO - 任务 33 依赖满足，进入就绪状态
2026-02-09 18:32:54,447 - INFO - 服务器 2 开始执行任务 23 (预计完成: 12.9s)
2026-02-09 18:32:54,647 - INFO - 任务 23 完成于服务器 2 (耗时: 0.9s)
2026-02-09 18:32:54,648 - INFO - 任务 24 依赖满足，进入就绪状态
2026-02-09 18:32:54,648 - INFO - 服务器 0 开始执行任务 14 (预计完成: 13.2s)
2026-02-09 18:32:54,648 - INFO - 服务器 2 开始执行任务 33 (预计完成: 13.5s)
2026-02-09 18:32:54,847 - INFO - 任务 14 完成于服务器 0 (耗时: 0.2s)
2026-02-09 18:32:54,848 - INFO - 任务 33 完成于服务器 2 (耗时: 0.5s)
2026-02-09 18:32:55,048 - INFO - 服务器 0 开始执行任务 24 (预计完成: 15.2s)
2026-02-09 18:32:55,247 - INFO - 任务 24 完成于服务器 0 (耗时: 0.2s)
2026-02-09 18:32:55,294 - INFO - 所有任务完成! 总耗时: 17.0s
